Assembler report for first
Sun Aug 02 21:33:39 2020
Quartus Prime Version 18.1.0 Build 625 09/12/2018 SJ Standard Edition


---------------------
; Table of Contents ;
---------------------
  1. Legal Notice
  2. Assembler Summary
  3. Assembler Settings
  4. Assembler Encrypted IP Cores Summary
  5. Assembler Generated Files
  6. Assembler Device Options: D:/project/FPGA/2020-07-31_first_qsys/output_files/first.sof
  7. Assembler Device Options: D:/project/FPGA/2020-07-31_first_qsys/output_files/first.jam
  8. Assembler Device Options: D:/project/FPGA/2020-07-31_first_qsys/output_files/first.jbc
  9. Assembler Device Options: D:/project/FPGA/2020-07-31_first_qsys/output_files/first.svf
 10. Assembler Device Options: D:/project/FPGA/2020-07-31_first_qsys/output_files/first.pof
 11. Assembler Device Options: D:/project/FPGA/2020-07-31_first_qsys/output_files/first.ttf
 12. Assembler Device Options: D:/project/FPGA/2020-07-31_first_qsys/output_files/first.rbf
 13. Assembler Device Options: D:/project/FPGA/2020-07-31_first_qsys/output_files/first.hexout
 14. Assembler Messages



----------------
; Legal Notice ;
----------------
Copyright (C) 2018  Intel Corporation. All rights reserved.
Your use of Intel Corporation's design tools, logic functions 
and other software and tools, and its AMPP partner logic 
functions, and any output files from any of the foregoing 
(including device programming or simulation files), and any 
associated documentation or information are expressly subject 
to the terms and conditions of the Intel Program License 
Subscription Agreement, the Intel Quartus Prime License Agreement,
the Intel FPGA IP License Agreement, or other applicable license
agreement, including, without limitation, that your use is for
the sole purpose of programming logic devices manufactured by
Intel and sold by Intel or its authorized distributors.  Please
refer to the applicable agreement for further details.



+---------------------------------------------------------------+
; Assembler Summary                                             ;
+-----------------------+---------------------------------------+
; Assembler Status      ; Successful - Sun Aug 02 21:33:39 2020 ;
; Revision Name         ; first                                 ;
; Top-level Entity Name ; qsys_hello_world                      ;
; Family                ; Cyclone IV E                          ;
; Device                ; EP4CE15F23C8                          ;
+-----------------------+---------------------------------------+


+----------------------------------+
; Assembler Settings               ;
+--------+---------+---------------+
; Option ; Setting ; Default Value ;
+--------+---------+---------------+


+-------------------------------------------------------+
; Assembler Encrypted IP Cores Summary                  ;
+--------+-------------------------------+--------------+
; Vendor ; IP Core Name                  ; License Type ;
+--------+-------------------------------+--------------+
; Altera ; Nios II Processor (6AF7 00A2) ; Licensed     ;
; Altera ; Signal Tap (6AF7 BCE1)        ; Licensed     ;
; Altera ; Signal Tap (6AF7 BCEC)        ; Licensed     ;
+--------+-------------------------------+--------------+


+-----------------------------------------------------------------+
; Assembler Generated Files                                       ;
+-----------------------------------------------------------------+
; File Name                                                       ;
+-----------------------------------------------------------------+
; D:/project/FPGA/2020-07-31_first_qsys/output_files/first.sof    ;
; D:/project/FPGA/2020-07-31_first_qsys/output_files/first.jam    ;
; D:/project/FPGA/2020-07-31_first_qsys/output_files/first.jbc    ;
; D:/project/FPGA/2020-07-31_first_qsys/output_files/first.svf    ;
; D:/project/FPGA/2020-07-31_first_qsys/output_files/first.pof    ;
; D:/project/FPGA/2020-07-31_first_qsys/output_files/first.ttf    ;
; D:/project/FPGA/2020-07-31_first_qsys/output_files/first.rbf    ;
; D:/project/FPGA/2020-07-31_first_qsys/output_files/first.hexout ;
+-----------------------------------------------------------------+


+----------------------------------------------------------------------------------------+
; Assembler Device Options: D:/project/FPGA/2020-07-31_first_qsys/output_files/first.sof ;
+----------------+-----------------------------------------------------------------------+
; Option         ; Setting                                                               ;
+----------------+-----------------------------------------------------------------------+
; JTAG usercode  ; 0x00469A00                                                            ;
; Checksum       ; 0x00469A00                                                            ;
+----------------+-----------------------------------------------------------------------+


+----------------------------------------------------------------------------------------+
; Assembler Device Options: D:/project/FPGA/2020-07-31_first_qsys/output_files/first.jam ;
+-------------------------+--------------------------------------------------------------+
; Option                  ; Setting                                                      ;
+-------------------------+--------------------------------------------------------------+
; JEDEC STAPL ASCII file  ;                                                              ;
+-------------------------+--------------------------------------------------------------+


+----------------------------------------------------------------------------------------+
; Assembler Device Options: D:/project/FPGA/2020-07-31_first_qsys/output_files/first.jbc ;
+-----------------------+----------------------------------------------------------------+
; Option                ; Setting                                                        ;
+-----------------------+----------------------------------------------------------------+
; STAPL Byte Code file  ;                                                                ;
+-----------------------+----------------------------------------------------------------+


+----------------------------------------------------------------------------------------+
; Assembler Device Options: D:/project/FPGA/2020-07-31_first_qsys/output_files/first.svf ;
+-----------+----------------------------------------------------------------------------+
; Option    ; Setting                                                                    ;
+-----------+----------------------------------------------------------------------------+
; SVF file  ;                                                                            ;
+-----------+----------------------------------------------------------------------------+


+----------------------------------------------------------------------------------------+
; Assembler Device Options: D:/project/FPGA/2020-07-31_first_qsys/output_files/first.pof ;
+--------------------+-------------------------------------------------------------------+
; Option             ; Setting                                                           ;
+--------------------+-------------------------------------------------------------------+
; JTAG usercode      ; 0x00000000                                                        ;
; Checksum           ; 0x383EE87A                                                        ;
; Compression Ratio  ; 1                                                                 ;
+--------------------+-------------------------------------------------------------------+


+----------------------------------------------------------------------------------------+
; Assembler Device Options: D:/project/FPGA/2020-07-31_first_qsys/output_files/first.ttf ;
+--------------------+-------------------------------------------------------------------+
; Option             ; Setting                                                           ;
+--------------------+-------------------------------------------------------------------+
; Tabular Text File  ;                                                                   ;
+--------------------+-------------------------------------------------------------------+


+----------------------------------------------------------------------------------------+
; Assembler Device Options: D:/project/FPGA/2020-07-31_first_qsys/output_files/first.rbf ;
+---------------------+------------------------------------------------------------------+
; Option              ; Setting                                                          ;
+---------------------+------------------------------------------------------------------+
; Raw Binary File     ;                                                                  ;
;  Compression Ratio  ; 1                                                                ;
+---------------------+------------------------------------------------------------------+


+-------------------------------------------------------------------------------------------+
; Assembler Device Options: D:/project/FPGA/2020-07-31_first_qsys/output_files/first.hexout ;
+----------------------------------+--------------------------------------------------------+
; Option                           ; Setting                                                ;
+----------------------------------+--------------------------------------------------------+
; Hexadecimal (Intel-format) File  ;                                                        ;
+----------------------------------+--------------------------------------------------------+


+--------------------+
; Assembler Messages ;
+--------------------+
Info: *******************************************************************
Info: Running Quartus Prime Assembler
    Info: Version 18.1.0 Build 625 09/12/2018 SJ Standard Edition
    Info: Processing started: Sun Aug 02 21:33:34 2020
Info: Command: quartus_asm --read_settings_files=off --write_settings_files=off first -c first
Warning (18236): Number of processors has not been specified which may cause overloading on shared machines.  Set the global assignment NUM_PARALLEL_PROCESSORS in your QSF to an appropriate value for best performance.
Info (115031): Writing out detailed assembly data for power analysis
Info (115030): Assembler is generating device programming files
Info (210117): Created JAM or JBC file for the specified chain: 
Device 1 (EP4CE15F23; D:/project/FPGA/2020-07-31_first_qsys/output_files/first.sof)
Info (210117): Created JAM or JBC file for the specified chain: 
Device 1 (EP4CE15F23; D:/project/FPGA/2020-07-31_first_qsys/output_files/first.sof)
Info: Quartus Prime Assembler was successful. 0 errors, 1 warning
    Info: Peak virtual memory: 4710 megabytes
    Info: Processing ended: Sun Aug 02 21:33:40 2020
    Info: Elapsed time: 00:00:06
    Info: Total CPU time (on all processors): 00:00:05


